2024-01-13 23:50:13 INFO  PlaybookRestApplication:51 - Starting PlaybookRestApplication using Java 17.0.2 with PID 15492 (C:\Users\qmccl\Programs_By_Language\Java\SpringBoot\Rest\PlaybookRest\PlaybookRest\target\classes started by qmccl in C:\Users\qmccl\Programs_By_Language\Java\SpringBoot\Rest\PlaybookRest\PlaybookRest)
2024-01-13 23:50:13 INFO  PlaybookRestApplication:637 - No active profile set, falling back to 1 default profile: "default"
2024-01-13 23:50:13 INFO  DevToolsPropertyDefaultsPostProcessor:250 - Devtools property defaults active! Set 'spring.devtools.add-properties' to 'false' to disable
2024-01-13 23:50:13 INFO  DevToolsPropertyDefaultsPostProcessor:250 - For additional web related logging consider setting the 'logging.level.web' property to 'DEBUG'
2024-01-13 23:50:15 INFO  RepositoryConfigurationDelegate:138 - Bootstrapping Spring Data JPA repositories in DEFAULT mode.
2024-01-13 23:50:15 INFO  RepositoryConfigurationDelegate:208 - Finished Spring Data repository scanning in 106 ms. Found 8 JPA repository interfaces.
2024-01-13 23:50:16 INFO  TomcatWebServer:108 - Tomcat initialized with port(s): 8080 (http)
2024-01-13 23:50:16 INFO  Http11NioProtocol:173 - Initializing ProtocolHandler ["http-nio-8080"]
2024-01-13 23:50:16 INFO  StandardService:173 - Starting service [Tomcat]
2024-01-13 23:50:16 INFO  StandardEngine:173 - Starting Servlet engine: [Apache Tomcat/10.1.13]
2024-01-13 23:50:16 INFO  [/]:173 - Initializing Spring embedded WebApplicationContext
2024-01-13 23:50:16 INFO  ServletWebServerApplicationContext:291 - Root WebApplicationContext: initialization completed in 2787 ms
2024-01-13 23:50:16 INFO  HikariDataSource:110 - HikariPool-1 - Starting...
2024-01-13 23:50:17 INFO  HikariPool:565 - HikariPool-1 - Added connection org.postgresql.jdbc.PgConnection@583c321c
2024-01-13 23:50:17 INFO  HikariDataSource:123 - HikariPool-1 - Start completed.
2024-01-13 23:50:17 INFO  LogHelper:31 - HHH000204: Processing PersistenceUnitInfo [name: default]
2024-01-13 23:50:17 INFO  Version:44 - HHH000412: Hibernate ORM core version 6.2.9.Final
2024-01-13 23:50:17 INFO  Environment:191 - HHH000406: Using bytecode reflection optimizer
2024-01-13 23:50:17 INFO  BytecodeProviderInitiator:53 - HHH000021: Bytecode provider name : bytebuddy
2024-01-13 23:50:18 INFO  SpringPersistenceUnitInfo:87 - No LoadTimeWeaver setup: ignoring JPA class transformer
2024-01-13 23:50:18 INFO  BytecodeProviderInitiator:53 - HHH000021: Bytecode provider name : bytebuddy
2024-01-13 23:50:19 INFO  JtaPlatformInitiator:51 - HHH000490: Using JtaPlatform implementation: [org.hibernate.engine.transaction.jta.platform.internal.NoJtaPlatform]
2024-01-13 23:50:19 INFO  LocalContainerEntityManagerFactoryBean:437 - Initialized JPA EntityManagerFactory for persistence unit 'default'
2024-01-13 23:50:20 INFO  QueryEnhancerFactory:47 - Hibernate is in classpath; If applicable, HQL parser will be used.
2024-01-13 23:50:21 WARN  JpaBaseConfiguration$JpaWebConfiguration:231 - spring.jpa.open-in-view is enabled by default. Therefore, database queries may be performed during view rendering. Explicitly configure spring.jpa.open-in-view to disable this warning
2024-01-13 23:50:21 INFO  EndpointLinksResolver:58 - Exposing 14 endpoint(s) beneath base path '/actuator'
2024-01-13 23:50:21 INFO  DefaultSecurityFilterChain:54 - Will secure any request with [org.springframework.security.web.session.DisableEncodeUrlFilter@140e6e2b, org.springframework.security.web.context.request.async.WebAsyncManagerIntegrationFilter@37de987c, org.springframework.security.web.context.SecurityContextHolderFilter@773de68d, org.springframework.security.web.header.HeaderWriterFilter@13bfe304, org.springframework.security.web.csrf.CsrfFilter@45aecf0d, org.springframework.security.web.authentication.logout.LogoutFilter@5d8f77e9, org.springframework.security.web.authentication.UsernamePasswordAuthenticationFilter@65cbc743, org.springframework.security.web.authentication.ui.DefaultLoginPageGeneratingFilter@4f339ebd, org.springframework.security.web.authentication.ui.DefaultLogoutPageGeneratingFilter@a687bab, org.springframework.security.web.authentication.www.BasicAuthenticationFilter@4b0d1fc1, org.springframework.security.web.savedrequest.RequestCacheAwareFilter@7c3872e, org.springframework.security.web.servletapi.SecurityContextHolderAwareRequestFilter@6b33ad62, org.springframework.security.web.authentication.AnonymousAuthenticationFilter@14739a72, org.springframework.security.web.access.ExceptionTranslationFilter@1c8721b0, org.springframework.security.web.access.intercept.AuthorizationFilter@2121ae51]
2024-01-13 23:50:22 INFO  OptionalLiveReloadServer:59 - LiveReload server is running on port 35729
2024-01-13 23:50:22 INFO  Http11NioProtocol:173 - Starting ProtocolHandler ["http-nio-8080"]
2024-01-13 23:50:22 INFO  TomcatWebServer:220 - Tomcat started on port(s): 8080 (http) with context path ''
2024-01-13 23:50:22 INFO  PlaybookRestApplication:57 - Started PlaybookRestApplication in 9.355 seconds (process running for 10.899)
2024-01-13 23:50:22 INFO  HikariDataSource:110 - HikariPool-2 - Starting...
2024-01-13 23:50:23 INFO  HikariPool:565 - HikariPool-2 - Added connection org.postgresql.jdbc.PgConnection@abdf1d4
2024-01-13 23:50:23 INFO  HikariDataSource:123 - HikariPool-2 - Start completed.
2024-01-13 23:54:33 INFO  LocalDevToolsAutoConfiguration$RestartingClassPathChangeChangedEventListener:211 - Restarting due to 2 class path changes (1 addition, 1 deletion, 0 modifications)
2024-01-13 23:54:33 INFO  Http11NioProtocol:173 - Pausing ProtocolHandler ["http-nio-8080"]
2024-01-13 23:54:33 INFO  StandardService:173 - Stopping service [Tomcat]
2024-01-13 23:54:33 INFO  Http11NioProtocol:173 - Stopping ProtocolHandler ["http-nio-8080"]
2024-01-13 23:54:33 INFO  Http11NioProtocol:173 - Destroying ProtocolHandler ["http-nio-8080"]
2024-01-13 23:54:33 INFO  HikariDataSource:350 - HikariPool-2 - Shutdown initiated...
2024-01-13 23:54:33 INFO  HikariDataSource:352 - HikariPool-2 - Shutdown completed.
2024-01-13 23:54:33 INFO  LocalContainerEntityManagerFactoryBean:650 - Closing JPA EntityManagerFactory for persistence unit 'default'
2024-01-13 23:54:33 INFO  HikariDataSource:350 - HikariPool-1 - Shutdown initiated...
2024-01-13 23:54:33 INFO  HikariDataSource:352 - HikariPool-1 - Shutdown completed.
2024-01-13 23:54:33 INFO  PlaybookRestApplication:51 - Starting PlaybookRestApplication using Java 17.0.2 with PID 15492 (C:\Users\qmccl\Programs_By_Language\Java\SpringBoot\Rest\PlaybookRest\PlaybookRest\target\classes started by qmccl in C:\Users\qmccl\Programs_By_Language\Java\SpringBoot\Rest\PlaybookRest\PlaybookRest)
2024-01-13 23:54:33 INFO  PlaybookRestApplication:637 - No active profile set, falling back to 1 default profile: "default"
2024-01-13 23:54:34 INFO  RepositoryConfigurationDelegate:138 - Bootstrapping Spring Data JPA repositories in DEFAULT mode.
2024-01-13 23:54:34 INFO  RepositoryConfigurationDelegate:208 - Finished Spring Data repository scanning in 61 ms. Found 8 JPA repository interfaces.
2024-01-13 23:54:34 INFO  TomcatWebServer:108 - Tomcat initialized with port(s): 8080 (http)
2024-01-13 23:54:34 INFO  ServletWebServerApplicationContext:291 - Root WebApplicationContext: initialization completed in 1009 ms
2024-01-13 23:54:34 INFO  HikariDataSource:110 - HikariPool-3 - Starting...
2024-01-13 23:54:35 INFO  HikariPool:565 - HikariPool-3 - Added connection org.postgresql.jdbc.PgConnection@7cb3917b
2024-01-13 23:54:35 INFO  HikariDataSource:123 - HikariPool-3 - Start completed.
2024-01-13 23:54:35 INFO  LogHelper:31 - HHH000204: Processing PersistenceUnitInfo [name: default]
2024-01-13 23:54:35 INFO  BytecodeProviderInitiator:53 - HHH000021: Bytecode provider name : bytebuddy
2024-01-13 23:54:35 INFO  SpringPersistenceUnitInfo:87 - No LoadTimeWeaver setup: ignoring JPA class transformer
2024-01-13 23:54:35 INFO  BytecodeProviderInitiator:53 - HHH000021: Bytecode provider name : bytebuddy
2024-01-13 23:54:35 INFO  JtaPlatformInitiator:51 - HHH000490: Using JtaPlatform implementation: [org.hibernate.engine.transaction.jta.platform.internal.NoJtaPlatform]
2024-01-13 23:54:35 INFO  LocalContainerEntityManagerFactoryBean:437 - Initialized JPA EntityManagerFactory for persistence unit 'default'
2024-01-13 23:54:35 WARN  JpaBaseConfiguration$JpaWebConfiguration:231 - spring.jpa.open-in-view is enabled by default. Therefore, database queries may be performed during view rendering. Explicitly configure spring.jpa.open-in-view to disable this warning
2024-01-13 23:54:36 INFO  EndpointLinksResolver:58 - Exposing 14 endpoint(s) beneath base path '/actuator'
2024-01-13 23:54:36 INFO  DefaultSecurityFilterChain:54 - Will secure any request with [org.springframework.security.web.session.DisableEncodeUrlFilter@75e53625, org.springframework.security.web.context.request.async.WebAsyncManagerIntegrationFilter@4afb551, org.springframework.security.web.context.SecurityContextHolderFilter@10d03adf, org.springframework.security.web.header.HeaderWriterFilter@53126f49, org.springframework.security.web.csrf.CsrfFilter@ba541aa, org.springframework.security.web.authentication.logout.LogoutFilter@31c47331, org.springframework.security.web.authentication.UsernamePasswordAuthenticationFilter@21bc37fd, org.springframework.security.web.authentication.ui.DefaultLoginPageGeneratingFilter@5dfc0611, org.springframework.security.web.authentication.ui.DefaultLogoutPageGeneratingFilter@44ec69e6, org.springframework.security.web.authentication.www.BasicAuthenticationFilter@33738500, org.springframework.security.web.savedrequest.RequestCacheAwareFilter@31d9817e, org.springframework.security.web.servletapi.SecurityContextHolderAwareRequestFilter@1d545ad5, org.springframework.security.web.authentication.AnonymousAuthenticationFilter@6b18bffe, org.springframework.security.web.access.ExceptionTranslationFilter@18c68cfc, org.springframework.security.web.access.intercept.AuthorizationFilter@3308467e]
2024-01-13 23:54:36 INFO  OptionalLiveReloadServer:59 - LiveReload server is running on port 35729
2024-01-13 23:54:36 INFO  TomcatWebServer:220 - Tomcat started on port(s): 8080 (http) with context path ''
2024-01-13 23:54:36 INFO  PlaybookRestApplication:57 - Started PlaybookRestApplication in 2.849 seconds (process running for 265.003)
2024-01-13 23:54:36 INFO  ConditionEvaluationDeltaLoggingListener:63 - Condition evaluation unchanged
2024-01-13 23:54:36 INFO  LocalContainerEntityManagerFactoryBean:650 - Closing JPA EntityManagerFactory for persistence unit 'default'
2024-01-13 23:54:36 INFO  HikariDataSource:350 - HikariPool-3 - Shutdown initiated...
2024-01-13 23:54:36 INFO  HikariDataSource:352 - HikariPool-3 - Shutdown completed.
