2024-01-13 23:55:21 INFO  PlaybookRestApplication:51 - Starting PlaybookRestApplication using Java 17.0.2 with PID 16532 (C:\Users\qmccl\Programs_By_Language\Java\SpringBoot\Rest\PlaybookRest\PlaybookRest\target\classes started by qmccl in C:\Users\qmccl\Programs_By_Language\Java\SpringBoot\Rest\PlaybookRest\PlaybookRest)
2024-01-13 23:55:21 INFO  PlaybookRestApplication:637 - No active profile set, falling back to 1 default profile: "default"
2024-01-13 23:55:21 INFO  DevToolsPropertyDefaultsPostProcessor:250 - Devtools property defaults active! Set 'spring.devtools.add-properties' to 'false' to disable
2024-01-13 23:55:21 INFO  DevToolsPropertyDefaultsPostProcessor:250 - For additional web related logging consider setting the 'logging.level.web' property to 'DEBUG'
2024-01-13 23:55:23 INFO  RepositoryConfigurationDelegate:138 - Bootstrapping Spring Data JPA repositories in DEFAULT mode.
2024-01-13 23:55:23 INFO  RepositoryConfigurationDelegate:208 - Finished Spring Data repository scanning in 100 ms. Found 8 JPA repository interfaces.
2024-01-13 23:55:24 INFO  TomcatWebServer:108 - Tomcat initialized with port(s): 8080 (http)
2024-01-13 23:55:24 INFO  Http11NioProtocol:173 - Initializing ProtocolHandler ["http-nio-8080"]
2024-01-13 23:55:24 INFO  StandardService:173 - Starting service [Tomcat]
2024-01-13 23:55:24 INFO  StandardEngine:173 - Starting Servlet engine: [Apache Tomcat/10.1.13]
2024-01-13 23:55:24 INFO  [/]:173 - Initializing Spring embedded WebApplicationContext
2024-01-13 23:55:24 INFO  ServletWebServerApplicationContext:291 - Root WebApplicationContext: initialization completed in 2552 ms
2024-01-13 23:55:24 INFO  HikariDataSource:110 - HikariPool-1 - Starting...
2024-01-13 23:55:25 INFO  HikariPool:565 - HikariPool-1 - Added connection org.postgresql.jdbc.PgConnection@371244a0
2024-01-13 23:55:25 INFO  HikariDataSource:123 - HikariPool-1 - Start completed.
2024-01-13 23:55:25 INFO  LogHelper:31 - HHH000204: Processing PersistenceUnitInfo [name: default]
2024-01-13 23:55:25 INFO  Version:44 - HHH000412: Hibernate ORM core version 6.2.9.Final
2024-01-13 23:55:25 INFO  Environment:191 - HHH000406: Using bytecode reflection optimizer
2024-01-13 23:55:25 INFO  BytecodeProviderInitiator:53 - HHH000021: Bytecode provider name : bytebuddy
2024-01-13 23:55:25 INFO  SpringPersistenceUnitInfo:87 - No LoadTimeWeaver setup: ignoring JPA class transformer
2024-01-13 23:55:26 INFO  BytecodeProviderInitiator:53 - HHH000021: Bytecode provider name : bytebuddy
2024-01-13 23:55:27 INFO  JtaPlatformInitiator:51 - HHH000490: Using JtaPlatform implementation: [org.hibernate.engine.transaction.jta.platform.internal.NoJtaPlatform]
2024-01-13 23:55:27 INFO  LocalContainerEntityManagerFactoryBean:437 - Initialized JPA EntityManagerFactory for persistence unit 'default'
2024-01-13 23:55:28 INFO  QueryEnhancerFactory:47 - Hibernate is in classpath; If applicable, HQL parser will be used.
2024-01-13 23:55:28 WARN  JpaBaseConfiguration$JpaWebConfiguration:231 - spring.jpa.open-in-view is enabled by default. Therefore, database queries may be performed during view rendering. Explicitly configure spring.jpa.open-in-view to disable this warning
2024-01-13 23:55:29 INFO  EndpointLinksResolver:58 - Exposing 14 endpoint(s) beneath base path '/actuator'
2024-01-13 23:55:29 INFO  DefaultSecurityFilterChain:54 - Will secure any request with [org.springframework.security.web.session.DisableEncodeUrlFilter@70217eb1, org.springframework.security.web.context.request.async.WebAsyncManagerIntegrationFilter@358991ec, org.springframework.security.web.context.SecurityContextHolderFilter@6338207e, org.springframework.security.web.header.HeaderWriterFilter@21e59a67, org.springframework.security.web.csrf.CsrfFilter@23b0ee33, org.springframework.security.web.authentication.logout.LogoutFilter@68ced3c0, org.springframework.security.web.authentication.UsernamePasswordAuthenticationFilter@1f798e44, org.springframework.security.web.authentication.ui.DefaultLoginPageGeneratingFilter@299eaa26, org.springframework.security.web.authentication.ui.DefaultLogoutPageGeneratingFilter@3cab3cff, org.springframework.security.web.authentication.www.BasicAuthenticationFilter@3c4f3445, org.springframework.security.web.savedrequest.RequestCacheAwareFilter@698b4f14, org.springframework.security.web.servletapi.SecurityContextHolderAwareRequestFilter@2f7c8ebc, org.springframework.security.web.authentication.AnonymousAuthenticationFilter@740c8359, org.springframework.security.web.access.ExceptionTranslationFilter@674c877f, org.springframework.security.web.access.intercept.AuthorizationFilter@705dbf0c]
2024-01-13 23:55:29 INFO  OptionalLiveReloadServer:59 - LiveReload server is running on port 35729
2024-01-13 23:55:30 INFO  Http11NioProtocol:173 - Starting ProtocolHandler ["http-nio-8080"]
2024-01-13 23:55:30 INFO  TomcatWebServer:220 - Tomcat started on port(s): 8080 (http) with context path ''
2024-01-13 23:55:30 INFO  PlaybookRestApplication:57 - Started PlaybookRestApplication in 8.822 seconds (process running for 10.26)
2024-01-13 23:55:30 INFO  HikariDataSource:110 - HikariPool-2 - Starting...
2024-01-13 23:55:31 INFO  HikariPool:565 - HikariPool-2 - Added connection org.postgresql.jdbc.PgConnection@706fa037
2024-01-13 23:55:31 INFO  HikariDataSource:123 - HikariPool-2 - Start completed.
2024-01-13 23:55:45 INFO  [/]:173 - Initializing Spring DispatcherServlet 'dispatcherServlet'
2024-01-13 23:55:45 INFO  DispatcherServlet:532 - Initializing Servlet 'dispatcherServlet'
2024-01-13 23:55:45 INFO  DispatcherServlet:554 - Completed initialization in 1 ms
2024-01-13 23:56:22 INFO  HikariDataSource:350 - HikariPool-2 - Shutdown initiated...
2024-01-13 23:56:22 INFO  HikariDataSource:352 - HikariPool-2 - Shutdown completed.
2024-01-13 23:56:22 INFO  LocalContainerEntityManagerFactoryBean:650 - Closing JPA EntityManagerFactory for persistence unit 'default'
2024-01-13 23:56:22 INFO  HikariDataSource:350 - HikariPool-1 - Shutdown initiated...
2024-01-13 23:56:22 INFO  HikariDataSource:352 - HikariPool-1 - Shutdown completed.
